[2020-05-14 17:09:57] local.ERROR: Command "update" is not defined. {"exception":"[object] (Symfony\\Component\\Console\\Exception\\CommandNotFoundException(code: 0): Command \"update\" is not defined. at /var/www/html/authen/vendor/symfony/console/Application.php:644)
[stacktrace]
#0 /var/www/html/authen/vendor/symfony/console/Application.php(228): Symfony\\Component\\Console\\Application->find()
#1 /var/www/html/authen/vendor/symfony/console/Application.php(140): Symfony\\Component\\Console\\Application->doRun()
#2 /var/www/html/authen/vendor/laravel/framework/src/Illuminate/Console/Application.php(93): Symfony\\Component\\Console\\Application->run()
#3 /var/www/html/authen/vendor/laravel/framework/src/Illuminate/Foundation/Console/Kernel.php(129): Illuminate\\Console\\Application->run()
#4 /var/www/html/authen/artisan(37): Illuminate\\Foundation\\Console\\Kernel->handle()
#5 {main}
"} 
[2020-05-14 17:10:18] local.ERROR: Target class [App\Http\Controllers\ImageController] does not exist. {"exception":"[object] (Illuminate\\Contracts\\Container\\BindingResolutionException(code: 0): Target class [App\\Http\\Controllers\\ImageController] does not exist. at /var/www/html/authen/vendor/laravel/framework/src/Illuminate/Container/Container.php:807)
[stacktrace]
#0 /var/www/html/authen/vendor/laravel/framework/src/Illuminate/Container/Container.php(687): Illuminate\\Container\\Container->build()
#1 /var/www/html/authen/vendor/laravel/framework/src/Illuminate/Foundation/Application.php(796): Illuminate\\Container\\Container->resolve()
#2 /var/www/html/authen/vendor/laravel/framework/src/Illuminate/Container/Container.php(633): Illuminate\\Foundation\\Application->resolve()
#3 /var/www/html/authen/vendor/laravel/framework/src/Illuminate/Foundation/Application.php(781): Illuminate\\Container\\Container->make()
#4 /var/www/html/authen/vendor/laravel/framework/src/Illuminate/Routing/Route.php(239): Illuminate\\Foundation\\Application->make()
#5 /var/www/html/authen/vendor/laravel/framework/src/Illuminate/Routing/Route.php(946): Illuminate\\Routing\\Route->getController()
#6 /var/www/html/authen/vendor/laravel/framework/src/Illuminate/Routing/Route.php(907): Illuminate\\Routing\\Route->controllerMiddleware()
#7 /var/www/html/authen/vendor/laravel/framework/src/Illuminate/Foundation/Console/RouteListCommand.php(173): Illuminate\\Routing\\Route->gatherMiddleware()
#8 /var/www/html/authen/vendor/laravel/framework/src/Illuminate/Foundation/Console/RouteListCommand.php(117): Illuminate\\Foundation\\Console\\RouteListCommand->getMiddleware()
#9 /var/www/html/authen/vendor/laravel/framework/src/Illuminate/Foundation/Console/RouteListCommand.php(89): Illuminate\\Foundation\\Console\\RouteListCommand->getRouteInformation()
#10 [internal function]: Illuminate\\Foundation\\Console\\RouteListCommand->Illuminate\\Foundation\\Console\\{closure}()
#11 /var/www/html/authen/vendor/laravel/framework/src/Illuminate/Support/Collection.php(638): array_map()
#12 /var/www/html/authen/vendor/laravel/framework/src/Illuminate/Foundation/Console/RouteListCommand.php(90): Illuminate\\Support\\Collection->map()
#13 /var/www/html/authen/vendor/laravel/framework/src/Illuminate/Foundation/Console/RouteListCommand.php(74): Illuminate\\Foundation\\Console\\RouteListCommand->getRoutes()
#14 [internal function]: Illuminate\\Foundation\\Console\\RouteListCommand->handle()
#15 /var/www/html/authen/vendor/laravel/framework/src/Illuminate/Container/BoundMethod.php(33): call_user_func_array()
#16 /var/www/html/authen/vendor/laravel/framework/src/Illuminate/Container/Util.php(36): Illuminate\\Container\\BoundMethod::Illuminate\\Container\\{closure}()
#17 /var/www/html/authen/vendor/laravel/framework/src/Illuminate/Container/BoundMethod.php(91): Illuminate\\Container\\Util::unwrapIfClosure()
#18 /var/www/html/authen/vendor/laravel/framework/src/Illuminate/Container/BoundMethod.php(35): Illuminate\\Container\\BoundMethod::callBoundMethod()
#19 /var/www/html/authen/vendor/laravel/framework/src/Illuminate/Container/Container.php(592): Illuminate\\Container\\BoundMethod::call()
#20 /var/www/html/authen/vendor/laravel/framework/src/Illuminate/Console/Command.php(134): Illuminate\\Container\\Container->call()
#21 /var/www/html/authen/vendor/symfony/console/Command/Command.php(255): Illuminate\\Console\\Command->execute()
#22 /var/www/html/authen/vendor/laravel/framework/src/Illuminate/Console/Command.php(121): Symfony\\Component\\Console\\Command\\Command->run()
#23 /var/www/html/authen/vendor/symfony/console/Application.php(912): Illuminate\\Console\\Command->run()
#24 /var/www/html/authen/vendor/symfony/console/Application.php(264): Symfony\\Component\\Console\\Application->doRunCommand()
#25 /var/www/html/authen/vendor/symfony/console/Application.php(140): Symfony\\Component\\Console\\Application->doRun()
#26 /var/www/html/authen/vendor/laravel/framework/src/Illuminate/Console/Application.php(93): Symfony\\Component\\Console\\Application->run()
#27 /var/www/html/authen/vendor/laravel/framework/src/Illuminate/Foundation/Console/Kernel.php(129): Illuminate\\Console\\Application->run()
#28 /var/www/html/authen/artisan(37): Illuminate\\Foundation\\Console\\Kernel->handle()
#29 {main}

[previous exception] [object] (ReflectionException(code: -1): Class App\\Http\\Controllers\\ImageController does not exist at /var/www/html/authen/vendor/laravel/framework/src/Illuminate/Container/Container.php:805)
[stacktrace]
#0 /var/www/html/authen/vendor/laravel/framework/src/Illuminate/Container/Container.php(805): ReflectionClass->__construct()
#1 /var/www/html/authen/vendor/laravel/framework/src/Illuminate/Container/Container.php(687): Illuminate\\Container\\Container->build()
#2 /var/www/html/authen/vendor/laravel/framework/src/Illuminate/Foundation/Application.php(796): Illuminate\\Container\\Container->resolve()
#3 /var/www/html/authen/vendor/laravel/framework/src/Illuminate/Container/Container.php(633): Illuminate\\Foundation\\Application->resolve()
#4 /var/www/html/authen/vendor/laravel/framework/src/Illuminate/Foundation/Application.php(781): Illuminate\\Container\\Container->make()
#5 /var/www/html/authen/vendor/laravel/framework/src/Illuminate/Routing/Route.php(239): Illuminate\\Foundation\\Application->make()
#6 /var/www/html/authen/vendor/laravel/framework/src/Illuminate/Routing/Route.php(946): Illuminate\\Routing\\Route->getController()
#7 /var/www/html/authen/vendor/laravel/framework/src/Illuminate/Routing/Route.php(907): Illuminate\\Routing\\Route->controllerMiddleware()
#8 /var/www/html/authen/vendor/laravel/framework/src/Illuminate/Foundation/Console/RouteListCommand.php(173): Illuminate\\Routing\\Route->gatherMiddleware()
#9 /var/www/html/authen/vendor/laravel/framework/src/Illuminate/Foundation/Console/RouteListCommand.php(117): Illuminate\\Foundation\\Console\\RouteListCommand->getMiddleware()
#10 /var/www/html/authen/vendor/laravel/framework/src/Illuminate/Foundation/Console/RouteListCommand.php(89): Illuminate\\Foundation\\Console\\RouteListCommand->getRouteInformation()
#11 [internal function]: Illuminate\\Foundation\\Console\\RouteListCommand->Illuminate\\Foundation\\Console\\{closure}()
#12 /var/www/html/authen/vendor/laravel/framework/src/Illuminate/Support/Collection.php(638): array_map()
#13 /var/www/html/authen/vendor/laravel/framework/src/Illuminate/Foundation/Console/RouteListCommand.php(90): Illuminate\\Support\\Collection->map()
#14 /var/www/html/authen/vendor/laravel/framework/src/Illuminate/Foundation/Console/RouteListCommand.php(74): Illuminate\\Foundation\\Console\\RouteListCommand->getRoutes()
#15 [internal function]: Illuminate\\Foundation\\Console\\RouteListCommand->handle()
#16 /var/www/html/authen/vendor/laravel/framework/src/Illuminate/Container/BoundMethod.php(33): call_user_func_array()
#17 /var/www/html/authen/vendor/laravel/framework/src/Illuminate/Container/Util.php(36): Illuminate\\Container\\BoundMethod::Illuminate\\Container\\{closure}()
#18 /var/www/html/authen/vendor/laravel/framework/src/Illuminate/Container/BoundMethod.php(91): Illuminate\\Container\\Util::unwrapIfClosure()
#19 /var/www/html/authen/vendor/laravel/framework/src/Illuminate/Container/BoundMethod.php(35): Illuminate\\Container\\BoundMethod::callBoundMethod()
#20 /var/www/html/authen/vendor/laravel/framework/src/Illuminate/Container/Container.php(592): Illuminate\\Container\\BoundMethod::call()
#21 /var/www/html/authen/vendor/laravel/framework/src/Illuminate/Console/Command.php(134): Illuminate\\Container\\Container->call()
#22 /var/www/html/authen/vendor/symfony/console/Command/Command.php(255): Illuminate\\Console\\Command->execute()
#23 /var/www/html/authen/vendor/laravel/framework/src/Illuminate/Console/Command.php(121): Symfony\\Component\\Console\\Command\\Command->run()
#24 /var/www/html/authen/vendor/symfony/console/Application.php(912): Illuminate\\Console\\Command->run()
#25 /var/www/html/authen/vendor/symfony/console/Application.php(264): Symfony\\Component\\Console\\Application->doRunCommand()
#26 /var/www/html/authen/vendor/symfony/console/Application.php(140): Symfony\\Component\\Console\\Application->doRun()
#27 /var/www/html/authen/vendor/laravel/framework/src/Illuminate/Console/Application.php(93): Symfony\\Component\\Console\\Application->run()
#28 /var/www/html/authen/vendor/laravel/framework/src/Illuminate/Foundation/Console/Kernel.php(129): Illuminate\\Console\\Application->run()
#29 /var/www/html/authen/artisan(37): Illuminate\\Foundation\\Console\\Kernel->handle()
#30 {main}
"} 
[2020-05-15 03:26:20] local.ERROR: Target class [App\Http\Controllers\ImageController] does not exist. {"exception":"[object] (Illuminate\\Contracts\\Container\\BindingResolutionException(code: 0): Target class [App\\Http\\Controllers\\ImageController] does not exist. at /var/www/html/authen/vendor/laravel/framework/src/Illuminate/Container/Container.php:807)
[stacktrace]
#0 /var/www/html/authen/vendor/laravel/framework/src/Illuminate/Container/Container.php(687): Illuminate\\Container\\Container->build()
#1 /var/www/html/authen/vendor/laravel/framework/src/Illuminate/Foundation/Application.php(796): Illuminate\\Container\\Container->resolve()
#2 /var/www/html/authen/vendor/laravel/framework/src/Illuminate/Container/Container.php(633): Illuminate\\Foundation\\Application->resolve()
#3 /var/www/html/authen/vendor/laravel/framework/src/Illuminate/Foundation/Application.php(781): Illuminate\\Container\\Container->make()
#4 /var/www/html/authen/vendor/laravel/framework/src/Illuminate/Routing/Route.php(239): Illuminate\\Foundation\\Application->make()
#5 /var/www/html/authen/vendor/laravel/framework/src/Illuminate/Routing/Route.php(946): Illuminate\\Routing\\Route->getController()
#6 /var/www/html/authen/vendor/laravel/framework/src/Illuminate/Routing/Route.php(907): Illuminate\\Routing\\Route->controllerMiddleware()
#7 /var/www/html/authen/vendor/laravel/framework/src/Illuminate/Foundation/Console/RouteListCommand.php(173): Illuminate\\Routing\\Route->gatherMiddleware()
#8 /var/www/html/authen/vendor/laravel/framework/src/Illuminate/Foundation/Console/RouteListCommand.php(117): Illuminate\\Foundation\\Console\\RouteListCommand->getMiddleware()
#9 /var/www/html/authen/vendor/laravel/framework/src/Illuminate/Foundation/Console/RouteListCommand.php(89): Illuminate\\Foundation\\Console\\RouteListCommand->getRouteInformation()
#10 [internal function]: Illuminate\\Foundation\\Console\\RouteListCommand->Illuminate\\Foundation\\Console\\{closure}()
#11 /var/www/html/authen/vendor/laravel/framework/src/Illuminate/Support/Collection.php(638): array_map()
#12 /var/www/html/authen/vendor/laravel/framework/src/Illuminate/Foundation/Console/RouteListCommand.php(90): Illuminate\\Support\\Collection->map()
#13 /var/www/html/authen/vendor/laravel/framework/src/Illuminate/Foundation/Console/RouteListCommand.php(74): Illuminate\\Foundation\\Console\\RouteListCommand->getRoutes()
#14 [internal function]: Illuminate\\Foundation\\Console\\RouteListCommand->handle()
#15 /var/www/html/authen/vendor/laravel/framework/src/Illuminate/Container/BoundMethod.php(33): call_user_func_array()
#16 /var/www/html/authen/vendor/laravel/framework/src/Illuminate/Container/Util.php(36): Illuminate\\Container\\BoundMethod::Illuminate\\Container\\{closure}()
#17 /var/www/html/authen/vendor/laravel/framework/src/Illuminate/Container/BoundMethod.php(91): Illuminate\\Container\\Util::unwrapIfClosure()
#18 /var/www/html/authen/vendor/laravel/framework/src/Illuminate/Container/BoundMethod.php(35): Illuminate\\Container\\BoundMethod::callBoundMethod()
#19 /var/www/html/authen/vendor/laravel/framework/src/Illuminate/Container/Container.php(592): Illuminate\\Container\\BoundMethod::call()
#20 /var/www/html/authen/vendor/laravel/framework/src/Illuminate/Console/Command.php(134): Illuminate\\Container\\Container->call()
#21 /var/www/html/authen/vendor/symfony/console/Command/Command.php(255): Illuminate\\Console\\Command->execute()
#22 /var/www/html/authen/vendor/laravel/framework/src/Illuminate/Console/Command.php(121): Symfony\\Component\\Console\\Command\\Command->run()
#23 /var/www/html/authen/vendor/symfony/console/Application.php(912): Illuminate\\Console\\Command->run()
#24 /var/www/html/authen/vendor/symfony/console/Application.php(264): Symfony\\Component\\Console\\Application->doRunCommand()
#25 /var/www/html/authen/vendor/symfony/console/Application.php(140): Symfony\\Component\\Console\\Application->doRun()
#26 /var/www/html/authen/vendor/laravel/framework/src/Illuminate/Console/Application.php(93): Symfony\\Component\\Console\\Application->run()
#27 /var/www/html/authen/vendor/laravel/framework/src/Illuminate/Foundation/Console/Kernel.php(129): Illuminate\\Console\\Application->run()
#28 /var/www/html/authen/artisan(37): Illuminate\\Foundation\\Console\\Kernel->handle()
#29 {main}

[previous exception] [object] (ReflectionException(code: -1): Class App\\Http\\Controllers\\ImageController does not exist at /var/www/html/authen/vendor/laravel/framework/src/Illuminate/Container/Container.php:805)
[stacktrace]
#0 /var/www/html/authen/vendor/laravel/framework/src/Illuminate/Container/Container.php(805): ReflectionClass->__construct()
#1 /var/www/html/authen/vendor/laravel/framework/src/Illuminate/Container/Container.php(687): Illuminate\\Container\\Container->build()
#2 /var/www/html/authen/vendor/laravel/framework/src/Illuminate/Foundation/Application.php(796): Illuminate\\Container\\Container->resolve()
#3 /var/www/html/authen/vendor/laravel/framework/src/Illuminate/Container/Container.php(633): Illuminate\\Foundation\\Application->resolve()
#4 /var/www/html/authen/vendor/laravel/framework/src/Illuminate/Foundation/Application.php(781): Illuminate\\Container\\Container->make()
#5 /var/www/html/authen/vendor/laravel/framework/src/Illuminate/Routing/Route.php(239): Illuminate\\Foundation\\Application->make()
#6 /var/www/html/authen/vendor/laravel/framework/src/Illuminate/Routing/Route.php(946): Illuminate\\Routing\\Route->getController()
#7 /var/www/html/authen/vendor/laravel/framework/src/Illuminate/Routing/Route.php(907): Illuminate\\Routing\\Route->controllerMiddleware()
#8 /var/www/html/authen/vendor/laravel/framework/src/Illuminate/Foundation/Console/RouteListCommand.php(173): Illuminate\\Routing\\Route->gatherMiddleware()
#9 /var/www/html/authen/vendor/laravel/framework/src/Illuminate/Foundation/Console/RouteListCommand.php(117): Illuminate\\Foundation\\Console\\RouteListCommand->getMiddleware()
#10 /var/www/html/authen/vendor/laravel/framework/src/Illuminate/Foundation/Console/RouteListCommand.php(89): Illuminate\\Foundation\\Console\\RouteListCommand->getRouteInformation()
#11 [internal function]: Illuminate\\Foundation\\Console\\RouteListCommand->Illuminate\\Foundation\\Console\\{closure}()
#12 /var/www/html/authen/vendor/laravel/framework/src/Illuminate/Support/Collection.php(638): array_map()
#13 /var/www/html/authen/vendor/laravel/framework/src/Illuminate/Foundation/Console/RouteListCommand.php(90): Illuminate\\Support\\Collection->map()
#14 /var/www/html/authen/vendor/laravel/framework/src/Illuminate/Foundation/Console/RouteListCommand.php(74): Illuminate\\Foundation\\Console\\RouteListCommand->getRoutes()
#15 [internal function]: Illuminate\\Foundation\\Console\\RouteListCommand->handle()
#16 /var/www/html/authen/vendor/laravel/framework/src/Illuminate/Container/BoundMethod.php(33): call_user_func_array()
#17 /var/www/html/authen/vendor/laravel/framework/src/Illuminate/Container/Util.php(36): Illuminate\\Container\\BoundMethod::Illuminate\\Container\\{closure}()
#18 /var/www/html/authen/vendor/laravel/framework/src/Illuminate/Container/BoundMethod.php(91): Illuminate\\Container\\Util::unwrapIfClosure()
#19 /var/www/html/authen/vendor/laravel/framework/src/Illuminate/Container/BoundMethod.php(35): Illuminate\\Container\\BoundMethod::callBoundMethod()
#20 /var/www/html/authen/vendor/laravel/framework/src/Illuminate/Container/Container.php(592): Illuminate\\Container\\BoundMethod::call()
#21 /var/www/html/authen/vendor/laravel/framework/src/Illuminate/Console/Command.php(134): Illuminate\\Container\\Container->call()
#22 /var/www/html/authen/vendor/symfony/console/Command/Command.php(255): Illuminate\\Console\\Command->execute()
#23 /var/www/html/authen/vendor/laravel/framework/src/Illuminate/Console/Command.php(121): Symfony\\Component\\Console\\Command\\Command->run()
#24 /var/www/html/authen/vendor/symfony/console/Application.php(912): Illuminate\\Console\\Command->run()
#25 /var/www/html/authen/vendor/symfony/console/Application.php(264): Symfony\\Component\\Console\\Application->doRunCommand()
#26 /var/www/html/authen/vendor/symfony/console/Application.php(140): Symfony\\Component\\Console\\Application->doRun()
#27 /var/www/html/authen/vendor/laravel/framework/src/Illuminate/Console/Application.php(93): Symfony\\Component\\Console\\Application->run()
#28 /var/www/html/authen/vendor/laravel/framework/src/Illuminate/Foundation/Console/Kernel.php(129): Illuminate\\Console\\Application->run()
#29 /var/www/html/authen/artisan(37): Illuminate\\Foundation\\Console\\Kernel->handle()
#30 {main}
"} 
[2020-05-15 03:28:05] local.ERROR: Target class [App\Http\Controllers\ImageController] does not exist. {"exception":"[object] (Illuminate\\Contracts\\Container\\BindingResolutionException(code: 0): Target class [App\\Http\\Controllers\\ImageController] does not exist. at /var/www/html/authen/vendor/laravel/framework/src/Illuminate/Container/Container.php:807)
[stacktrace]
#0 /var/www/html/authen/vendor/laravel/framework/src/Illuminate/Container/Container.php(687): Illuminate\\Container\\Container->build()
#1 /var/www/html/authen/vendor/laravel/framework/src/Illuminate/Foundation/Application.php(796): Illuminate\\Container\\Container->resolve()
#2 /var/www/html/authen/vendor/laravel/framework/src/Illuminate/Container/Container.php(633): Illuminate\\Foundation\\Application->resolve()
#3 /var/www/html/authen/vendor/laravel/framework/src/Illuminate/Foundation/Application.php(781): Illuminate\\Container\\Container->make()
#4 /var/www/html/authen/vendor/laravel/framework/src/Illuminate/Routing/Route.php(253): Illuminate\\Foundation\\Application->make()
#5 /var/www/html/authen/vendor/laravel/framework/src/Illuminate/Routing/Route.php(960): Illuminate\\Routing\\Route->getController()
#6 /var/www/html/authen/vendor/laravel/framework/src/Illuminate/Routing/Route.php(921): Illuminate\\Routing\\Route->controllerMiddleware()
#7 /var/www/html/authen/vendor/laravel/framework/src/Illuminate/Foundation/Console/RouteListCommand.php(173): Illuminate\\Routing\\Route->gatherMiddleware()
#8 /var/www/html/authen/vendor/laravel/framework/src/Illuminate/Foundation/Console/RouteListCommand.php(117): Illuminate\\Foundation\\Console\\RouteListCommand->getMiddleware()
#9 /var/www/html/authen/vendor/laravel/framework/src/Illuminate/Foundation/Console/RouteListCommand.php(89): Illuminate\\Foundation\\Console\\RouteListCommand->getRouteInformation()
#10 [internal function]: Illuminate\\Foundation\\Console\\RouteListCommand->Illuminate\\Foundation\\Console\\{closure}()
#11 /var/www/html/authen/vendor/laravel/framework/src/Illuminate/Support/Collection.php(638): array_map()
#12 /var/www/html/authen/vendor/laravel/framework/src/Illuminate/Foundation/Console/RouteListCommand.php(90): Illuminate\\Support\\Collection->map()
#13 /var/www/html/authen/vendor/laravel/framework/src/Illuminate/Foundation/Console/RouteListCommand.php(74): Illuminate\\Foundation\\Console\\RouteListCommand->getRoutes()
#14 [internal function]: Illuminate\\Foundation\\Console\\RouteListCommand->handle()
#15 /var/www/html/authen/vendor/laravel/framework/src/Illuminate/Container/BoundMethod.php(33): call_user_func_array()
#16 /var/www/html/authen/vendor/laravel/framework/src/Illuminate/Container/Util.php(36): Illuminate\\Container\\BoundMethod::Illuminate\\Container\\{closure}()
#17 /var/www/html/authen/vendor/laravel/framework/src/Illuminate/Container/BoundMethod.php(91): Illuminate\\Container\\Util::unwrapIfClosure()
#18 /var/www/html/authen/vendor/laravel/framework/src/Illuminate/Container/BoundMethod.php(35): Illuminate\\Container\\BoundMethod::callBoundMethod()
#19 /var/www/html/authen/vendor/laravel/framework/src/Illuminate/Container/Container.php(592): Illuminate\\Container\\BoundMethod::call()
#20 /var/www/html/authen/vendor/laravel/framework/src/Illuminate/Console/Command.php(134): Illuminate\\Container\\Container->call()
#21 /var/www/html/authen/vendor/symfony/console/Command/Command.php(255): Illuminate\\Console\\Command->execute()
#22 /var/www/html/authen/vendor/laravel/framework/src/Illuminate/Console/Command.php(121): Symfony\\Component\\Console\\Command\\Command->run()
#23 /var/www/html/authen/vendor/symfony/console/Application.php(912): Illuminate\\Console\\Command->run()
#24 /var/www/html/authen/vendor/symfony/console/Application.php(264): Symfony\\Component\\Console\\Application->doRunCommand()
#25 /var/www/html/authen/vendor/symfony/console/Application.php(140): Symfony\\Component\\Console\\Application->doRun()
#26 /var/www/html/authen/vendor/laravel/framework/src/Illuminate/Console/Application.php(93): Symfony\\Component\\Console\\Application->run()
#27 /var/www/html/authen/vendor/laravel/framework/src/Illuminate/Foundation/Console/Kernel.php(129): Illuminate\\Console\\Application->run()
#28 /var/www/html/authen/artisan(37): Illuminate\\Foundation\\Console\\Kernel->handle()
#29 {main}

[previous exception] [object] (ReflectionException(code: -1): Class App\\Http\\Controllers\\ImageController does not exist at /var/www/html/authen/vendor/laravel/framework/src/Illuminate/Container/Container.php:805)
[stacktrace]
#0 /var/www/html/authen/vendor/laravel/framework/src/Illuminate/Container/Container.php(805): ReflectionClass->__construct()
#1 /var/www/html/authen/vendor/laravel/framework/src/Illuminate/Container/Container.php(687): Illuminate\\Container\\Container->build()
#2 /var/www/html/authen/vendor/laravel/framework/src/Illuminate/Foundation/Application.php(796): Illuminate\\Container\\Container->resolve()
#3 /var/www/html/authen/vendor/laravel/framework/src/Illuminate/Container/Container.php(633): Illuminate\\Foundation\\Application->resolve()
#4 /var/www/html/authen/vendor/laravel/framework/src/Illuminate/Foundation/Application.php(781): Illuminate\\Container\\Container->make()
#5 /var/www/html/authen/vendor/laravel/framework/src/Illuminate/Routing/Route.php(253): Illuminate\\Foundation\\Application->make()
#6 /var/www/html/authen/vendor/laravel/framework/src/Illuminate/Routing/Route.php(960): Illuminate\\Routing\\Route->getController()
#7 /var/www/html/authen/vendor/laravel/framework/src/Illuminate/Routing/Route.php(921): Illuminate\\Routing\\Route->controllerMiddleware()
#8 /var/www/html/authen/vendor/laravel/framework/src/Illuminate/Foundation/Console/RouteListCommand.php(173): Illuminate\\Routing\\Route->gatherMiddleware()
#9 /var/www/html/authen/vendor/laravel/framework/src/Illuminate/Foundation/Console/RouteListCommand.php(117): Illuminate\\Foundation\\Console\\RouteListCommand->getMiddleware()
#10 /var/www/html/authen/vendor/laravel/framework/src/Illuminate/Foundation/Console/RouteListCommand.php(89): Illuminate\\Foundation\\Console\\RouteListCommand->getRouteInformation()
#11 [internal function]: Illuminate\\Foundation\\Console\\RouteListCommand->Illuminate\\Foundation\\Console\\{closure}()
#12 /var/www/html/authen/vendor/laravel/framework/src/Illuminate/Support/Collection.php(638): array_map()
#13 /var/www/html/authen/vendor/laravel/framework/src/Illuminate/Foundation/Console/RouteListCommand.php(90): Illuminate\\Support\\Collection->map()
#14 /var/www/html/authen/vendor/laravel/framework/src/Illuminate/Foundation/Console/RouteListCommand.php(74): Illuminate\\Foundation\\Console\\RouteListCommand->getRoutes()
#15 [internal function]: Illuminate\\Foundation\\Console\\RouteListCommand->handle()
#16 /var/www/html/authen/vendor/laravel/framework/src/Illuminate/Container/BoundMethod.php(33): call_user_func_array()
#17 /var/www/html/authen/vendor/laravel/framework/src/Illuminate/Container/Util.php(36): Illuminate\\Container\\BoundMethod::Illuminate\\Container\\{closure}()
#18 /var/www/html/authen/vendor/laravel/framework/src/Illuminate/Container/BoundMethod.php(91): Illuminate\\Container\\Util::unwrapIfClosure()
#19 /var/www/html/authen/vendor/laravel/framework/src/Illuminate/Container/BoundMethod.php(35): Illuminate\\Container\\BoundMethod::callBoundMethod()
#20 /var/www/html/authen/vendor/laravel/framework/src/Illuminate/Container/Container.php(592): Illuminate\\Container\\BoundMethod::call()
#21 /var/www/html/authen/vendor/laravel/framework/src/Illuminate/Console/Command.php(134): Illuminate\\Container\\Container->call()
#22 /var/www/html/authen/vendor/symfony/console/Command/Command.php(255): Illuminate\\Console\\Command->execute()
#23 /var/www/html/authen/vendor/laravel/framework/src/Illuminate/Console/Command.php(121): Symfony\\Component\\Console\\Command\\Command->run()
#24 /var/www/html/authen/vendor/symfony/console/Application.php(912): Illuminate\\Console\\Command->run()
#25 /var/www/html/authen/vendor/symfony/console/Application.php(264): Symfony\\Component\\Console\\Application->doRunCommand()
#26 /var/www/html/authen/vendor/symfony/console/Application.php(140): Symfony\\Component\\Console\\Application->doRun()
#27 /var/www/html/authen/vendor/laravel/framework/src/Illuminate/Console/Application.php(93): Symfony\\Component\\Console\\Application->run()
#28 /var/www/html/authen/vendor/laravel/framework/src/Illuminate/Foundation/Console/Kernel.php(129): Illuminate\\Console\\Application->run()
#29 /var/www/html/authen/artisan(37): Illuminate\\Foundation\\Console\\Kernel->handle()
#30 {main}
"} 
